f:\svn\workspace\platform\makers\gs_benz\publib_dig\worktools\提取菜单节点\universaltool\mfc4xmlparsingtool\debug\xtool.pch
f:\svn\workspace\platform\makers\gs_benz\publib_dig\worktools\提取菜单节点\universaltool\mfc4xmlparsingtool\debug\vc140.pdb
f:\svn\workspace\platform\makers\gs_benz\publib_dig\worktools\提取菜单节点\universaltool\mfc4xmlparsingtool\debug\vc140.idb
f:\svn\workspace\platform\makers\gs_benz\publib_dig\worktools\提取菜单节点\universaltool\mfc4xmlparsingtool\debug\stdafx.obj
f:\svn\workspace\platform\makers\gs_benz\publib_dig\worktools\提取菜单节点\universaltool\mfc4xmlparsingtool\debug\mfc4xmlparsingtool.obj
f:\svn\workspace\platform\makers\gs_benz\publib_dig\worktools\提取菜单节点\universaltool\mfc4xmlparsingtool\debug\mfc4xmlparsingtooldlg.obj
f:\svn\workspace\platform\makers\gs_benz\publib_dig\worktools\提取菜单节点\universaltool\mfc4xmlparsingtool\debug\mainparsingtool.obj
f:\svn\workspace\platform\makers\gs_benz\publib_dig\worktools\提取菜单节点\universaltool\mfc4xmlparsingtool\debug\xtool4benz.obj
f:\svn\workspace\platform\makers\gs_benz\publib_dig\worktools\提取菜单节点\universaltool\mfc4xmlparsingtool\debug\comment.obj
f:\svn\workspace\platform\makers\gs_benz\publib_dig\worktools\提取菜单节点\universaltool\debug\xtool.ilk
f:\svn\workspace\platform\makers\gs_benz\publib_dig\worktools\提取菜单节点\universaltool\debug\xtool.exe
f:\svn\workspace\platform\makers\gs_benz\publib_dig\worktools\提取菜单节点\universaltool\debug\xtool.pdb
f:\svn\workspace\platform\makers\gs_benz\publib_dig\worktools\提取菜单节点\universaltool\mfc4xmlparsingtool\debug\mfc4xmlparsingtool.res
f:\svn\workspace\platform\makers\gs_benz\publib_dig\worktools\提取菜单节点\universaltool\mfc4xmlparsingtool\debug\mfc4xmlp.0af03a86.tlog\cl.command.1.tlog
f:\svn\workspace\platform\makers\gs_benz\publib_dig\worktools\提取菜单节点\universaltool\mfc4xmlparsingtool\debug\mfc4xmlp.0af03a86.tlog\cl.read.1.tlog
f:\svn\workspace\platform\makers\gs_benz\publib_dig\worktools\提取菜单节点\universaltool\mfc4xmlparsingtool\debug\mfc4xmlp.0af03a86.tlog\cl.write.1.tlog
f:\svn\workspace\platform\makers\gs_benz\publib_dig\worktools\提取菜单节点\universaltool\mfc4xmlparsingtool\debug\mfc4xmlp.0af03a86.tlog\link.command.1.tlog
f:\svn\workspace\platform\makers\gs_benz\publib_dig\worktools\提取菜单节点\universaltool\mfc4xmlparsingtool\debug\mfc4xmlp.0af03a86.tlog\link.read.1.tlog
f:\svn\workspace\platform\makers\gs_benz\publib_dig\worktools\提取菜单节点\universaltool\mfc4xmlparsingtool\debug\mfc4xmlp.0af03a86.tlog\link.write.1.tlog
f:\svn\workspace\platform\makers\gs_benz\publib_dig\worktools\提取菜单节点\universaltool\mfc4xmlparsingtool\debug\mfc4xmlp.0af03a86.tlog\rc.command.1.tlog
f:\svn\workspace\platform\makers\gs_benz\publib_dig\worktools\提取菜单节点\universaltool\mfc4xmlparsingtool\debug\mfc4xmlp.0af03a86.tlog\rc.read.1.tlog
f:\svn\workspace\platform\makers\gs_benz\publib_dig\worktools\提取菜单节点\universaltool\mfc4xmlparsingtool\debug\mfc4xmlp.0af03a86.tlog\rc.write.1.tlog
